Using pre-set license
Built from '2021.1/staging' branch; Version is '2021.1.19f1 (5f5eb8bbdc25) revision 6250168'; Using compiler version '192528614'; Build Type 'Release'
OS: 'Windows 10 Home; OS build 19042.1165; Version 2009; 64bit' Language: 'de' Physical Memory: 16272 MB
BatchMode: 1, IsHumanControllingUs: 0, StartBugReporterOnCrash: 0, Is64bit: 1, IsPro: 0

COMMAND LINE ARGUMENTS:
D:\2021.1.19f1\Editor\Unity.exe
-adb2
-batchMode
-noUpm
-name
AssetImportWorker0
-projectPath
C:/Users/Philipp/source/repos/ReriTara-PRE/PRE-ReriTara
-logFile
Logs/AssetImportWorker0.log
-srvPort
56520
Successfully changed project path to: C:/Users/Philipp/source/repos/ReriTara-PRE/PRE-ReriTara
C:/Users/Philipp/source/repos/ReriTara-PRE/PRE-ReriTara
Using Asset Import Pipeline V2.
Refreshing native plugins compatible for Editor in 45.79 ms, found 3 plugins.
Preloading 0 native plugins for Editor in 0.00 ms.
Initialize engine version: 2021.1.19f1 (5f5eb8bbdc25)
[Subsystems] Discovering subsystems at path D:/2021.1.19f1/Editor/Data/Resources/UnitySubsystems
[Subsystems] Discovering subsystems at path C:/Users/Philipp/source/repos/ReriTara-PRE/PRE-ReriTara/Assets
GfxDevice: creating device client; threaded=0; jobified=0
Direct3D:
    Version:  Direct3D 11.0 [level 11.1]
    Renderer: NVIDIA GeForce GTX 1050 Ti (ID=0x1c8c)
    Vendor:   NVIDIA
    VRAM:     4018 MB
    Driver:   27.21.14.6280
Initialize mono
Mono path[0] = 'D:/2021.1.19f1/Editor/Data/Managed'
Mono path[1] = 'D:/2021.1.19f1/Editor/Data/MonoBleedingEdge/lib/mono/unityjit'
Mono config path = 'D:/2021.1.19f1/Editor/Data/MonoBleedingEdge/etc'
Using monoOptions --debugger-agent=transport=dt_socket,embedding=1,server=y,suspend=n,address=127.0.0.1:56684
Begin MonoManager ReloadAssembly
Registering precompiled unity dll's ...
Register platform support module: D:/2021.1.19f1/Editor/Data/PlaybackEngines/MacStandaloneSupport/UnityEditor.OSXStandalone.Extensions.dll
Register platform support module: D:/2021.1.19f1/Editor/Data/PlaybackEngines/WindowsStandaloneSupport/UnityEditor.WindowsStandalone.Extensions.dll
Registered in 0.001552 seconds.
Native extension for WindowsStandalone target not found
Native extension for OSXStandalone target not found
Refreshing native plugins compatible for Editor in 41.80 ms, found 3 plugins.
Preloading 0 native plugins for Editor in 0.00 ms.
Mono: successfully reloaded assembly
- Completed reload, in  1.353 seconds
Domain Reload Profiling:
	ReloadAssembly (1354ms)
		BeginReloadAssembly (65ms)
			ExecutionOrderSort (0ms)
			DisableScriptedObjects (0ms)
			BackupInstance (0ms)
			ReleaseScriptingObjects (0ms)
			CreateAndSetChildDomain (1ms)
		EndReloadAssembly (451ms)
			LoadAssemblies (65ms)
			RebuildTransferFunctionScriptingTraits (0ms)
			SetupTypeCache (171ms)
			ReleaseScriptCaches (0ms)
			RebuildScriptCaches (38ms)
			SetupLoadedEditorAssemblies (195ms)
				LogAssemblyErrors (0ms)
				InitializePlatformSupportModulesInManaged (8ms)
				SetLoadedEditorAssemblies (0ms)
				RefreshPlugins (42ms)
				BeforeProcessingInitializeOnLoad (2ms)
				ProcessInitializeOnLoadAttributes (111ms)
				ProcessInitializeOnLoadMethodAttributes (32ms)
				AfterProcessingInitializeOnLoad (0ms)
				EditorAssembliesLoaded (0ms)
			ExecutionOrderSort2 (0ms)
			AwakeInstancesAfterBackupRestoration (0ms)
Platform modules already initialized, skipping
Registering precompiled user dll's ...
Registered in 0.007732 seconds.
Begin MonoManager ReloadAssembly
Native extension for WindowsStandalone target not found
Native extension for OSXStandalone target not found
Refreshing native plugins compatible for Editor in 41.50 ms, found 3 plugins.
Preloading 0 native plugins for Editor in 0.00 ms.
Mono: successfully reloaded assembly
- Completed reload, in  1.215 seconds
Domain Reload Profiling:
	ReloadAssembly (1216ms)
		BeginReloadAssembly (167ms)
			ExecutionOrderSort (0ms)
			DisableScriptedObjects (5ms)
			BackupInstance (0ms)
			ReleaseScriptingObjects (0ms)
			CreateAndSetChildDomain (22ms)
		EndReloadAssembly (991ms)
			LoadAssemblies (114ms)
			RebuildTransferFunctionScriptingTraits (0ms)
			SetupTypeCache (331ms)
			ReleaseScriptCaches (0ms)
			RebuildScriptCaches (59ms)
			SetupLoadedEditorAssemblies (394ms)
				LogAssemblyErrors (0ms)
				InitializePlatformSupportModulesInManaged (5ms)
				SetLoadedEditorAssemblies (0ms)
				RefreshPlugins (42ms)
				BeforeProcessingInitializeOnLoad (67ms)
				ProcessInitializeOnLoadAttributes (260ms)
				ProcessInitializeOnLoadMethodAttributes (17ms)
				AfterProcessingInitializeOnLoad (2ms)
				EditorAssembliesLoaded (0ms)
			ExecutionOrderSort2 (0ms)
			AwakeInstancesAfterBackupRestoration (8ms)
Platform modules already initialized, skipping
========================================================================
Worker process is ready to serve import requests
Launched and connected shader compiler UnityShaderCompiler.exe after 0.10 seconds
Refreshing native plugins compatible for Editor in 0.52 ms, found 3 plugins.
Preloading 0 native plugins for Editor in 0.00 ms.
Unloading 2120 Unused Serialized files (Serialized files now loaded: 0)
System memory in use before: 95.3 MB.
System memory in use after: 95.3 MB.

Unloading 30 unused Assets to reduce memory usage. Loaded Objects now: 2570.
Total: 3.721100 ms (FindLiveObjects: 0.178500 ms CreateObjectMapping: 0.080000 ms MarkObjects: 3.399200 ms  DeleteObjects: 0.062400 ms)

AssetImportParameters requested are different than current active one (requested -> active):
  custom:framework-win-MediaFoundation: 216162199b28c13a410421893ffa2e32 -> 
  custom:video-decoder-ogg-theora: a1e56fd34408186e4bbccfd4996cb3dc -> 
  custom:container-muxer-webm: aa71ff27fc2769a1b78a27578f13a17b -> 
  custom:container-demuxer-webm: 4f35f7cbe854078d1ac9338744f61a02 -> 
  custom:container-demuxer-ogg: 62fdf1f143b41e24485cea50d1cbac27 -> 
  custom:video-encoder-webm-vp8: eb34c28f22e8b96e1ab97ce403110664 -> 
  custom:video-codec-MediaFoundation-h265: 746d11721c4dcdbdad8f713fa42b33f4 -> 
  custom:video-decoder-webm-vp8: 9c59270c3fd7afecdb556c50c9e8de78 -> 
  custom:audio-decoder-ogg-vorbis: bf7c407c2cedff20999df2af8eb42d56 -> 
  custom:audio-encoder-webm-vorbis: bf7c407c2cedff20999df2af8eb42d56 -> 
========================================================================
Received Import Request.
  path: Assets/Scenes
  artifactKey: Guid(aaad233af11d2af42976ff1d97bf3c86) Importer(815301076,1909f56bfc062723c751e8b465ee728b)
Start importing Assets/Scenes using Guid(aaad233af11d2af42976ff1d97bf3c86) Importer(815301076,1909f56bfc062723c751e8b465ee728b)  -> (artifact id: '72441b37a9c2a2e8873469cc96205418') in 0.005561 seconds 
========================================================================
Received Import Request.
  Time since last request: 0.000329 seconds.
  path: Assets/Scripts
  artifactKey: Guid(d6dfd71c81cd2644f971c5ca66d7c8d6) Importer(815301076,1909f56bfc062723c751e8b465ee728b)
Start importing Assets/Scripts using Guid(d6dfd71c81cd2644f971c5ca66d7c8d6) Importer(815301076,1909f56bfc062723c751e8b465ee728b)  -> (artifact id: '4de5faa2b1b9b5e5465a4d25a462f9f7') in 0.003795 seconds 
========================================================================
Received Import Request.
  Time since last request: 3.380538 seconds.
  path: Assets/Scenes/MainGame.unity
  artifactKey: Guid(2cda990e2423bbf4892e6590ba056729) Importer(815301076,1909f56bfc062723c751e8b465ee728b)
Start importing Assets/Scenes/MainGame.unity using Guid(2cda990e2423bbf4892e6590ba056729) Importer(815301076,1909f56bfc062723c751e8b465ee728b)  -> (artifact id: '37eb70cf575e4a59af68526c76f793df') in 0.043133 seconds 
========================================================================
Received Import Request.
  Time since last request: 3.133672 seconds.
  path: Assets/Textures
  artifactKey: Guid(62750bfaf0e609e49a0b31572f6da0e1) Importer(815301076,1909f56bfc062723c751e8b465ee728b)
Start importing Assets/Textures using Guid(62750bfaf0e609e49a0b31572f6da0e1) Importer(815301076,1909f56bfc062723c751e8b465ee728b)  -> (artifact id: '8b871b216630b00b46538a5cda62c940') in 0.015626 seconds 
========================================================================
Received Import Request.
  Time since last request: 1.207747 seconds.
  path: Assets/Textures/Sprites
  artifactKey: Guid(30fb0456d9b0a924d8f778b8addb6eb8) Importer(815301076,1909f56bfc062723c751e8b465ee728b)
Start importing Assets/Textures/Sprites using Guid(30fb0456d9b0a924d8f778b8addb6eb8) Importer(815301076,1909f56bfc062723c751e8b465ee728b)  -> (artifact id: '520428a2bc916e765043f9ac82a5bd22') in 0.011600 seconds 
========================================================================
Received Import Request.
  Time since last request: 0.060209 seconds.
  path: Assets/Textures/Sprites/Dirt.png
  artifactKey: Guid(f01308597c751ff40bb35eecf55b550d) Importer(815301076,1909f56bfc062723c751e8b465ee728b)
Start importing Assets/Textures/Sprites/Dirt.png using Guid(f01308597c751ff40bb35eecf55b550d) Importer(815301076,1909f56bfc062723c751e8b465ee728b)  -> (artifact id: '47cc55613ff9cfd44400c20aadb4419b') in 0.213956 seconds 
========================================================================
Received Import Request.
  Time since last request: 0.000330 seconds.
  path: Assets/Textures/Sprites/Grass 1.png
  artifactKey: Guid(6f4fbf8d0cb7b434093d695044c35a3c) Importer(815301076,1909f56bfc062723c751e8b465ee728b)
Start importing Assets/Textures/Sprites/Grass 1.png using Guid(6f4fbf8d0cb7b434093d695044c35a3c) Importer(815301076,1909f56bfc062723c751e8b465ee728b)  -> (artifact id: 'fa4488a2c8401025a4fd1abf6cee4734') in 0.010757 seconds 
========================================================================
Received Import Request.
  Time since last request: 2.577753 seconds.
  path: Assets/Textures/Tiles
  artifactKey: Guid(c722192a20096604db03b80c6dca3c43) Importer(815301076,1909f56bfc062723c751e8b465ee728b)
Start importing Assets/Textures/Tiles using Guid(c722192a20096604db03b80c6dca3c43) Importer(815301076,1909f56bfc062723c751e8b465ee728b)  -> (artifact id: '891715bbaef6cccc59753e236804acb6') in 0.014880 seconds 
========================================================================
Received Import Request.
  Time since last request: 0.084209 seconds.
  path: Assets/Textures/Tiles/Dirt.asset
  artifactKey: Guid(0bcc34212cd215a4584d42c3c4ba8f29) Importer(815301076,1909f56bfc062723c751e8b465ee728b)
Start importing Assets/Textures/Tiles/Dirt.asset using Guid(0bcc34212cd215a4584d42c3c4ba8f29) Importer(815301076,1909f56bfc062723c751e8b465ee728b)  -> (artifact id: 'd831b0175ce8c77e1f2a6b00e2652316') in 0.069019 seconds 
========================================================================
Received Import Request.
  Time since last request: 0.000654 seconds.
  path: Assets/Textures/Tiles/Grass.asset
  artifactKey: Guid(02761f359227ea640b301f8ed4704793) Importer(815301076,1909f56bfc062723c751e8b465ee728b)
Start importing Assets/Textures/Tiles/Grass.asset using Guid(02761f359227ea640b301f8ed4704793) Importer(815301076,1909f56bfc062723c751e8b465ee728b)  -> (artifact id: 'd60f3d70f98c32c3448e0b889431202d') in 0.017704 seconds 
